0.09475012228959319 64 1 0.0005
0.06987906736065397 64 1 0.001
0.10423276075152406 64 2 0.0005
0.06607281508203178 64 2 0.001
0.055766028669295774 64 3 0.0005
0.055668181502866454 64 3 0.001
0.05581606585979497 64 4 0.0005
0.05565639760325817 64 4 0.001
0.055708141782154816 64 6 0.0005
0.055746187750693885 64 6 0.001
0.055899931252695226 64 8 0.0005
0.05574899029680971 64 8 0.001
0.13752565775038186 96 1 0.0005
0.0714970107556113 96 1 0.001
0.11134042941024784 96 2 0.0005
0.07128666278702793 96 2 0.001
0.05576581060481728 96 3 0.0005
0.0557220848142506 96 3 0.001
0.05571460154369297 96 4 0.0005
0.05570873641112195 96 4 0.001
0.05569626630592191 96 6 0.0005
0.05567647057892496 96 6 0.001
0.05572453215940425 96 8 0.0005
0.05576677201291136 96 8 0.001
0.14659933105842873 128 1 0.0005
0.07645587735745937 128 1 0.001
0.11672882764147326 128 2 0.0005
0.08215286833548138 128 2 0.001
0.05570581989907621 128 3 0.0005
0.05574144881502909 128 3 0.001
0.05572078080481587 128 4 0.0005
0.055745370923670365 128 4 0.001
0.055675159020032616 128 6 0.0005
0.05577019713924532 128 6 0.001
0.055712830143646586 128 8 0.0005
0.055732607031003314 128 8 0.001
0.1824026842790518 256 1 0.0005
0.05997939569372569 256 1 0.001
0.18652369607080216 256 2 0.0005
0.06061668472852545 256 2 0.001
0.05569027969114628 256 3 0.0005
0.055724481174056054 256 3 0.001
0.0557086792876358 256 4 0.0005
0.055772982106353265 256 4 0.001
0.05569944600389428 256 6 0.0005
0.055668414200430505 256 6 0.001
0.055707268851223055 256 8 0.0005
0.05577680556854834 256 8 0.001
