0.009906573639776229 3 124 168 12 2 5
0.009351787271628508 1 46 56 11 3 7
0.009340226552464722 3 164 38 5 8 6
0.00868686925175678 1 252 176 6 11 2
0.008899695559241725 1 250 42 9 5 5
0.009264327030174714 3 186 90 8 10 7
0.00930612714225038 3 62 58 9 8 2
0.0090222656368173 1 210 184 5 4 3
0.008865092309814623 2 180 172 2 11 5
0.009070838298724303 3 148 26 12 5 3
0.009179966780075073 3 70 128 10 11 4
0.009335913482261418 1 214 120 6 8 6
0.009377256204466947 3 116 160 3 4 7
0.009025874341864502 1 242 116 12 7 4
0.008709880348302598 1 218 198 5 8 3
0.008650991202371778 1 248 60 5 3 2
0.009886804805907229 2 128 242 7 8 7
0.009235791254231202 3 156 130 2 7 6
0.009830191708947522 2 204 158 8 1 3
0.009604585196189359 2 86 250 1 9 5
0.008767458961766589 2 72 22 2 6 4
0.009340286379927698 2 138 88 4 5 6
0.009335354499976047 3 100 114 10 6 6
0.010736908274850783 3 92 28 3 1 5
0.00945057073380004 1 174 72 8 10 7
0.010077568828387482 3 216 182 6 9 7
0.008498690240337312 2 54 208 7 6 3
0.009682493447291588 2 196 232 8 12 4
0.009565803613480426 1 90 82 11 8 5
0.012778348406127394 1 30 70 3 2 3
0.009199066436538107 1 114 224 12 12 6
0.009761536118895964 3 142 92 7 3 6
0.009490713712631573 3 208 86 2 2 4
0.010343259322624521 2 22 150 2 6 2
0.009936946954369589 3 82 132 9 1 6
0.010146429550216749 2 230 94 7 11 7
0.00920972121624445 1 132 102 2 5 2
0.009102765769547671 3 126 190 11 5 3
0.009628112459388282 1 254 196 7 10 5
0.009005091878536006 1 122 156 9 6 6
0.009405241424925145 1 184 96 2 4 7
0.010418344448300915 3 206 100 8 5 7
0.009573747055815455 1 98 200 3 3 4
0.010021254242550567 2 256 20 7 3 6
0.009132459276564982 3 154 40 1 7 3
0.008566602250835019 1 68 68 7 5 5
0.008551646819466376 1 60 226 6 9 2
0.009012877652319297 2 74 122 9 12 5
0.008751916089276507 1 40 80 5 8 2
0.010981861252804186 3 244 152 1 11 6
0.008675208892570101 2 84 74 11 4 2
0.010247337700474516 2 236 238 10 1 7
0.008745888543045059 1 134 188 6 4 2
0.009419440149260614 2 240 46 11 2 7
0.009469556013335583 2 226 218 10 12 7
0.00872573544198174 2 118 48 10 6 3
0.008737998558650869 2 102 62 10 8 2
0.008846849570018191 2 170 222 12 7 3
0.010841896212262602 1 24 216 9 2 7
0.00942179733760202 3 182 36 7 7 4
0.009269358568336102 3 234 178 12 6 6
0.008600625743107455 2 44 54 4 11 2
0.013494645197417995 2 36 210 2 1 7
0.009149380436147377 2 176 236 3 12 4
0.008760513462085926 1 212 144 8 9 3
0.01002399329307664 2 34 166 7 2 4
0.01327738379764617 1 64 206 4 1 5
0.009628301464288131 2 38 108 9 4 7
0.00929728369220637 2 152 230 11 9 5
0.00886159748627709 1 162 248 3 7 6
0.010221984693556879 3 56 252 11 12 6
0.010269224529773826 2 110 110 1 4 7
0.00980043153982726 2 42 50 1 5 5
0.00866818379886909 1 104 204 5 9 3
0.013410018400003557 3 18 240 12 2 2
0.009518189623592207 3 48 142 3 2 4
0.00856516455835573 1 58 214 8 4 3
0.01038284084890453 3 198 30 1 9 7
0.009436618483498705 2 168 24 11 9 7
0.01022570077940643 3 246 220 4 1 2
0.009053832776588801 1 172 254 6 7 5
0.008980767601733056 2 94 154 1 9 3
0.009376109751913372 1 202 162 11 3 6
0.009208296945901199 1 232 98 4 10 5
0.008872735417685372 1 96 186 3 10 5
0.009308723453348657 1 158 180 11 6 6
0.008967507837854896 3 194 134 3 11 4
0.00873793294638145 2 130 140 9 11 4
0.008920845898312426 3 188 44 4 5 3
0.008709182606937708 2 50 76 4 8 3
0.009530740140015133 3 228 202 6 12 2
0.009571185764859763 1 220 146 8 11 7
0.008970980541297517 2 88 18 5 12 6
0.00842999291579195 3 76 148 6 12 2
0.010384600132098975 2 140 32 8 1 6
0.00925156441247051 3 120 126 6 10 4
0.009800250742446621 3 28 138 1 6 2
0.00924838687574522 3 146 124 4 3 4
0.008954102771252451 2 222 78 9 3 4
0.009307246014179727 1 200 170 2 3 6
0.009186530084658178 1 160 112 12 10 5
0.009331521099356414 2 26 244 1 7 2
0.009204561110098954 3 108 136 3 2 5
0.00921771507973428 2 80 194 4 3 6
0.009443462639883089 1 136 64 10 2 7
0.01061969837008207 3 238 212 2 1 3
0.008489528369436412 2 78 52 9 10 4
0.008364058733612656 1 224 84 4 12 2
0.008913271597616797 2 150 106 1 7 3
0.009146476517011778 3 112 192 5 5 4
0.00927901435946697 3 52 234 7 9 5
0.009000544582141745 2 166 34 8 10 4
0.010645831951709133 3 32 164 12 4 2
0.010063711475617338 1 144 104 10 1 4
0.009743364035661712 3 190 66 12 11 3
0.00988971064893961 2 20 246 5 7 2
0.008928079125322976 3 178 256 5 6 3
0.008312950045316405 1 66 118 6 8 4
0.009035790214730059 3 106 174 10 4 5
0.009172283847488357 1 192 228 10 10 5
