0.0376829707777964 64 1 0.0005
0.03714565115683529 64 1 0.001
0.038135095112457607 64 2 0.0005
0.03701129652476082 64 2 0.001
0.03719027575324203 64 3 0.0005
0.03635955477384632 64 3 0.001
0.036540614173721425 64 4 0.0005
0.036198741470463404 64 4 0.001
0.03682162300703399 64 6 0.0005
0.03589444734946737 64 6 0.001
0.03679683425606119 64 8 0.0005
0.03600497177194922 64 8 0.001
0.03772298195279389 96 1 0.0005
0.03679663580559876 96 1 0.001
0.03782708798281158 96 2 0.0005
0.036788510983347136 96 2 0.001
0.036411863237227074 96 3 0.0005
0.036016338544143385 96 3 0.001
0.03667521988933435 96 4 0.0005
0.03594075909828355 96 4 0.001
0.035966389894893876 96 6 0.0005
0.03528305218556835 96 6 0.001
0.035942549738976995 96 8 0.0005
0.03565786363222416 96 8 0.001
0.037545544180946994 128 1 0.0005
0.03662128521803967 128 1 0.001
0.03741438571986202 128 2 0.0005
0.0365918561586424 128 2 0.001
0.03629509639721009 128 3 0.0005
0.03568657263613055 128 3 0.001
0.03599944374304986 128 4 0.0005
0.035413976606391596 128 4 0.001
0.035800107114861215 128 6 0.0005
0.03552058243803536 128 6 0.001
0.0358218315881215 128 8 0.0005
0.035772622000292194 128 8 0.001
0.03695744526797495 256 1 0.0005
0.036391393086019984 256 1 0.001
0.03678147582605255 256 2 0.0005
0.03638623412392874 256 2 0.001
0.03600005146978945 256 3 0.0005
0.03521661757367794 256 3 0.001
0.03559659289307804 256 4 0.0005
0.035046636892487715 256 4 0.001
0.03531836335657092 256 6 0.0005
0.035455180429092 256 6 0.001
0.035575791761317394 256 8 0.0005
0.03561452575977886 256 8 0.001