0.055584445178985066 64 1 0.0005
0.05494998602670129 64 1 0.001
0.055726984449361215 64 2 0.0005
0.0542820717309642 64 2 0.001
0.05505749544133687 64 3 0.0005
0.053124142977460265 64 3 0.001
0.05462336665032018 64 4 0.0005
0.0534800511612462 64 4 0.001
0.05548522980692165 64 6 0.0005
0.05297835313076049 64 6 0.001
0.055621406793605235 64 8 0.0005
0.05323475039084334 64 8 0.001
0.055362539121752374 96 1 0.0005
0.054513479930758404 96 1 0.001
0.05527801102185368 96 2 0.0005
0.05440792709162107 96 2 0.001
0.05490622580855488 96 3 0.0005
0.052827098540065356 96 3 0.001
0.05367205461839103 96 4 0.0005
0.052113327884056836 96 4 0.001
0.054076237506464134 96 6 0.0005
0.052784730022115325 96 6 0.001
0.05378279403527342 96 8 0.0005
0.05282520065291577 96 8 0.001
0.055013316799065105 128 1 0.0005
0.05410441305350472 128 1 0.001
0.054921167042079846 128 2 0.0005
0.05395331170202996 128 2 0.001
0.05402778514446056 128 3 0.0005
0.052139074938304567 128 3 0.001
0.05321518411732583 128 4 0.0005
0.05155584010767211 128 4 0.001
0.053053694752059885 128 6 0.0005
0.052341611400579434 128 6 0.001
0.05273417811359421 128 8 0.0005
0.05175277230153306 128 8 0.001
0.05421447292076044 256 1 0.0005
0.05308717502727789 256 1 0.001
0.05416306862673183 256 2 0.0005
0.05280144647109014 256 2 0.001
0.05269198660272771 256 3 0.0005
0.050794752312255234 256 3 0.001
0.05250113822158572 256 4 0.0005
0.04979208914879618 256 4 0.001
0.05276581456433642 256 6 0.0005
0.05000211901242162 256 6 0.001
0.052299554839110064 256 8 0.0005
0.05038849308048141 256 8 0.001