0.06821287925422223 64 1 0.0005
0.048644317470710664 64 1 0.001
0.05986727070244313 64 2 0.0005
0.04945535317796476 64 2 0.001
0.04137557376156341 64 3 0.0005
0.04137534146111779 64 3 0.001
0.04137534121766474 64 4 0.0005
0.04137540808518193 64 4 0.001
0.04137542740616544 64 6 0.0005
0.04137550883902059 64 6 0.001
0.04137535919752513 64 8 0.0005
0.041375502212050566 64 8 0.001
0.07552098469464137 96 1 0.0005
0.05173923283595627 96 1 0.001
0.08484676640316408 96 2 0.0005
0.04871326520677935 96 2 0.001
0.04137548929773201 96 3 0.0005
0.041375452466924055 96 3 0.001
0.041375397718045756 96 4 0.0005
0.04137545577729081 96 4 0.001
0.041375382532453465 96 6 0.0005
0.041375519353428425 96 6 0.001
0.04137543931486077 96 8 0.0005
0.04137554368324835 96 8 0.001
0.11369525457921795 128 1 0.0005
0.05098104470265637 128 1 0.001
0.11088399800862778 128 2 0.0005
0.05008235767500876 128 2 0.001
0.04137551729536547 128 3 0.0005
0.041375437304675675 128 3 0.001
0.04137531084939901 128 4 0.0005
0.04137543426968611 128 4 0.001
0.041375412991552354 128 6 0.0005
0.04137548562208805 128 6 0.001
0.04137538858897537 128 8 0.0005
0.04137548343677768 128 8 0.001
0.13843004512210247 256 1 0.0005
0.045930998220012245 256 1 0.001
0.13561179839149967 256 2 0.0005
0.04918304155076293 256 2 0.001
0.04137550129403067 256 3 0.0005
0.04137540156790752 256 3 0.001
0.04137533035674083 256 4 0.0005
0.04137532403929156 256 4 0.001
0.0413753502623989 256 6 0.0005
0.04137551141240936 256 6 0.001
0.04137546687484225 256 8 0.0005
0.041375473174791996 256 8 0.001
